<?xml version="1.0" encoding="UTF-8"?>
<!-- Generated by org.testng.reporters.JUnitReportReporter -->
<testsuite hostname="SHOAS" failures="0" tests="1" name="TestNG_Prectice.TestNG1" time="10.761" errors="0" timestamp="2025-07-19T12:19:04 CDT" skipped="0">
  <testcase classname="TestNG_Prectice.TestNG1" name="test1" time="10.761"/>
</testsuite> <!-- TestNG_Prectice.TestNG1 -->
