<?xml version="1.0" encoding="UTF-8"?>
<!-- Generated by org.testng.reporters.JUnitReportReporter -->
<testsuite hostname="SHOAS" failures="0" tests="3" name="CrossBrowserTest.NewTest" time="7.718" errors="0" timestamp="2025-07-13T09:58:01 CDT" skipped="0">
  <testcase classname="CrossBrowserTest.NewTest" name="Login" time="2.629"/>
  <testcase classname="CrossBrowserTest.NewTest" name="Login" time="2.847"/>
  <testcase classname="CrossBrowserTest.NewTest" name="Login" time="2.242"/>
</testsuite> <!-- CrossBrowserTest.NewTest -->
