<?xml version="1.0" encoding="UTF-8"?>
<!-- Generated by org.testng.reporters.JUnitReportReporter -->
<testsuite hostname="SHOAS" failures="0" tests="2" name="TestNG_Prectice.Before_AfterTest" time="4.648" errors="0" timestamp="2025-07-30T22:24:38 CDT" skipped="0">
  <testcase classname="TestNG_Prectice.Before_AfterTest" name="loginstep" time="2.706"/>
  <testcase classname="TestNG_Prectice.Before_AfterTest" name="loginstep2" time="1.942"/>
</testsuite> <!-- TestNG_Prectice.Before_AfterTest -->
